judging 9744 uncached lists

=== first-mention list index vs steering strength r ===

sycophancy:   (appear_rate | median_idx | mean_idx | mean_norm_rank)
  r=0.15  app= 1/40  med_idx=  4  mean_idx= 4.0  norm=0.40
  r=0.2   app= 5/40  med_idx=  5  mean_idx= 5.0  norm=0.50
  r=0.25  app= 1/40  med_idx=  7  mean_idx= 7.0  norm=0.70
  r=0.26  app= 2/40  med_idx=  3  mean_idx= 3.0  norm=0.30
  r=0.27  app= 4/40  med_idx=  4  mean_idx= 4.2  norm=0.42
  r=0.28  app= 8/40  med_idx=  4  mean_idx= 4.9  norm=0.49
  r=0.29  app=10/40  med_idx=  4  mean_idx= 4.7  norm=0.47
  r=0.3   app=10/40  med_idx=  4  mean_idx= 4.8  norm=0.48
  r=0.31  app= 6/40  med_idx=  4  mean_idx= 4.5  norm=0.45
  r=0.32  app= 9/40  med_idx=  4  mean_idx= 4.8  norm=0.48
  r=0.33  app= 8/40  med_idx=  3  mean_idx= 4.0  norm=0.40
  r=0.34  app=11/40  med_idx=  4  mean_idx= 4.4  norm=0.44
  r=0.35  app=13/40  med_idx=  3  mean_idx= 3.7  norm=0.37
  r=0.36  app=15/40  med_idx=  3  mean_idx= 3.5  norm=0.35
  r=0.37  app=14/40  med_idx=  2  mean_idx= 2.5  norm=0.25
  r=0.38  app=18/40  med_idx=  3  mean_idx= 3.9  norm=0.39
  r=0.39  app=17/40  med_idx=  3  mean_idx= 3.5  norm=0.35
  r=0.4   app=18/40  med_idx=  2  mean_idx= 3.2  norm=0.32
  r=0.41  app=26/40  med_idx=  3  mean_idx= 3.8  norm=0.38
  r=0.42  app=24/40  med_idx=  2  mean_idx= 3.1  norm=0.31
  r=0.43  app=24/40  med_idx=  3  mean_idx= 3.6  norm=0.36
  r=0.44  app=21/40  med_idx=  3  mean_idx= 2.9  norm=0.29
  r=0.45  app=27/40  med_idx=  3  mean_idx= 3.2  norm=0.32
  r=0.46  app=29/40  med_idx=  3  mean_idx= 2.8  norm=0.28
  r=0.47  app=24/40  med_idx=  2  mean_idx= 3.0  norm=0.30
  r=0.48  app=30/40  med_idx=  2  mean_idx= 2.9  norm=0.29
  r=0.49  app=30/40  med_idx=  2  mean_idx= 2.5  norm=0.25
  r=0.5   app=32/40  med_idx=  2  mean_idx= 2.5  norm=0.25
  r=0.51  app=32/40  med_idx=  2  mean_idx= 2.6  norm=0.26
  r=0.52  app=33/40  med_idx=  3  mean_idx= 2.9  norm=0.29
  r=0.53  app=33/40  med_idx=  2  mean_idx= 2.8  norm=0.28
  r=0.54  app=33/40  med_idx=  2  mean_idx= 2.5  norm=0.25
  r=0.55  app=34/40  med_idx=  3  mean_idx= 3.2  norm=0.32
  r=0.56  app=36/40  med_idx=  2  mean_idx= 2.5  norm=0.25
  r=0.57  app=35/40  med_idx=  2  mean_idx= 2.5  norm=0.25
  r=0.58  app=38/40  med_idx=  2  mean_idx= 2.4  norm=0.24
  r=0.59  app=39/40  med_idx=  2  mean_idx= 2.4  norm=0.24
  r=0.6   app=37/40  med_idx=  2  mean_idx= 2.4  norm=0.24
  r=0.61  app=36/40  med_idx=  2  mean_idx= 2.3  norm=0.23
  r=0.62  app=37/40  med_idx=  2  mean_idx= 2.2  norm=0.22
  r=0.63  app=39/40  med_idx=  2  mean_idx= 2.6  norm=0.26
  r=0.64  app=38/40  med_idx=  2  mean_idx= 2.6  norm=0.26
  r=0.65  app=40/40  med_idx=  2  mean_idx= 2.3  norm=0.23
  r=0.66  app=39/40  med_idx=  2  mean_idx= 2.3  norm=0.23
  r=0.67  app=40/40  med_idx=  2  mean_idx= 2.2  norm=0.22
  r=0.68  app=39/40  med_idx=  2  mean_idx= 2.5  norm=0.25
  r=0.69  app=38/40  med_idx=  2  mean_idx= 2.6  norm=0.26
  r=0.7   app=40/40  med_idx=  2  mean_idx= 2.3  norm=0.23
  r=0.71  app=39/40  med_idx=  2  mean_idx= 2.0  norm=0.20
  r=0.72  app=40/40  med_idx=  2  mean_idx= 2.2  norm=0.23
  r=0.73  app=39/40  med_idx=  2  mean_idx= 2.4  norm=0.24
  r=0.74  app=40/40  med_idx=  2  mean_idx= 2.2  norm=0.22
  r=0.75  app=39/40  med_idx=  2  mean_idx= 1.8  norm=0.18
  r=0.76  app=38/40  med_idx=  2  mean_idx= 2.1  norm=0.21
  r=0.77  app=39/40  med_idx=  2  mean_idx= 2.3  norm=0.23
  r=0.78  app=39/40  med_idx=  2  mean_idx= 1.9  norm=0.19
  r=0.79  app=40/40  med_idx=  2  mean_idx= 2.0  norm=0.20
  r=0.8   app=40/40  med_idx=  2  mean_idx= 2.1  norm=0.21
  r=0.81  app=39/40  med_idx=  2  mean_idx= 2.1  norm=0.21
  r=0.82  app=38/40  med_idx=  2  mean_idx= 1.9  norm=0.19
  r=0.83  app=40/40  med_idx=  2  mean_idx= 2.1  norm=0.21
  r=0.84  app=40/40  med_idx=  2  mean_idx= 1.9  norm=0.20
  r=0.85  app=40/40  med_idx=  2  mean_idx= 2.1  norm=0.21
  r=0.86  app=40/40  med_idx=  2  mean_idx= 2.1  norm=0.21
  r=0.87  app=39/40  med_idx=  2  mean_idx= 2.1  norm=0.21
  r=0.88  app=40/40  med_idx=  2  mean_idx= 2.1  norm=0.21
  r=0.89  app=40/40  med_idx=  2  mean_idx= 2.0  norm=0.20
  r=0.9   app=40/40  med_idx=  2  mean_idx= 2.2  norm=0.22
  r=0.91  app=40/40  med_idx=  2  mean_idx= 2.0  norm=0.20
  r=0.92  app=40/40  med_idx=  2  mean_idx= 2.1  norm=0.22
  r=0.93  app=40/40  med_idx=  2  mean_idx= 2.1  norm=0.21
  r=0.94  app=39/40  med_idx=  2  mean_idx= 2.0  norm=0.20
  r=0.95  app=40/40  med_idx=  2  mean_idx= 2.4  norm=0.24
  r=0.96  app=40/40  med_idx=  2  mean_idx= 1.9  norm=0.19
  r=0.97  app=40/40  med_idx=  2  mean_idx= 1.9  norm=0.19
  r=0.98  app=40/40  med_idx=  2  mean_idx= 2.2  norm=0.22
  r=0.99  app=40/40  med_idx=  2  mean_idx= 2.1  norm=0.22
  r=1.0   app=40/40  med_idx=  2  mean_idx= 1.8  norm=0.18
  r=1.1   app=40/40  med_idx=  2  mean_idx= 1.9  norm=0.19
  r=1.25  app=40/40  med_idx=  2  mean_idx= 2.1  norm=0.21
  r=1.5   app=40/40  med_idx=  2  mean_idx= 1.7  norm=0.17
  r=2.0   app=40/40  med_idx=  2  mean_idx= 1.8  norm=0.18
  Spearman(r, first_index) over appearing rows = -0.246  (n=2521)

neuroticism:   (appear_rate | median_idx | mean_idx | mean_norm_rank)
  r=0.15  app= 2/40  med_idx=  3  mean_idx= 3.0  norm=0.30
  r=0.2   app= 9/40  med_idx=  3  mean_idx= 3.4  norm=0.34
  r=0.25  app=19/40  med_idx=  3  mean_idx= 2.7  norm=0.27
  r=0.26  app=20/40  med_idx=  3  mean_idx= 2.7  norm=0.27
  r=0.27  app=25/40  med_idx=  3  mean_idx= 3.8  norm=0.38
  r=0.28  app=29/40  med_idx=  3  mean_idx= 3.5  norm=0.35
  r=0.29  app=29/40  med_idx=  3  mean_idx= 2.8  norm=0.28
  r=0.3   app=32/40  med_idx=  3  mean_idx= 3.3  norm=0.33
  r=0.31  app=31/40  med_idx=  3  mean_idx= 2.9  norm=0.29
  r=0.32  app=33/40  med_idx=  3  mean_idx= 2.7  norm=0.27
  r=0.33  app=36/40  med_idx=  2  mean_idx= 2.7  norm=0.27
  r=0.34  app=36/40  med_idx=  2  mean_idx= 2.8  norm=0.28
  r=0.35  app=37/40  med_idx=  2  mean_idx= 2.4  norm=0.24
  r=0.36  app=37/40  med_idx=  2  mean_idx= 2.1  norm=0.21
  r=0.37  app=38/40  med_idx=  2  mean_idx= 2.1  norm=0.21
  r=0.38  app=39/40  med_idx=  2  mean_idx= 2.4  norm=0.24
  r=0.39  app=40/40  med_idx=  2  mean_idx= 2.1  norm=0.21
  r=0.4   app=39/40  med_idx=  2  mean_idx= 1.8  norm=0.18
  r=0.41  app=39/40  med_idx=  2  mean_idx= 1.9  norm=0.19
  r=0.42  app=38/40  med_idx=  2  mean_idx= 1.9  norm=0.19
  r=0.43  app=40/40  med_idx=  2  mean_idx= 1.8  norm=0.18
  r=0.44  app=40/40  med_idx=  2  mean_idx= 1.9  norm=0.18
  r=0.45  app=39/40  med_idx=  2  mean_idx= 1.8  norm=0.18
  r=0.46  app=40/40  med_idx=  2  mean_idx= 1.8  norm=0.18
  r=0.47  app=40/40  med_idx=  2  mean_idx= 1.8  norm=0.17
  r=0.48  app=40/40  med_idx=  1  mean_idx= 1.6  norm=0.16
  r=0.49  app=40/40  med_idx=  1  mean_idx= 1.7  norm=0.17
  r=0.5   app=40/40  med_idx=  1  mean_idx= 1.5  norm=0.15
  r=0.51  app=39/40  med_idx=  1  mean_idx= 1.6  norm=0.16
  r=0.52  app=40/40  med_idx=  1  mean_idx= 1.7  norm=0.17
  r=0.53  app=40/40  med_idx=  1  mean_idx= 1.6  norm=0.16
  r=0.54  app=40/40  med_idx=  1  mean_idx= 1.6  norm=0.15
  r=0.55  app=40/40  med_idx=  1  mean_idx= 1.7  norm=0.17
  r=0.56  app=40/40  med_idx=  1  mean_idx= 1.5  norm=0.15
  r=0.57  app=40/40  med_idx=  1  mean_idx= 1.6  norm=0.16
  r=0.58  app=40/40  med_idx=  1  mean_idx= 1.5  norm=0.15
  r=0.59  app=40/40  med_idx=  1  mean_idx= 1.4  norm=0.14
  r=0.6   app=40/40  med_idx=  1  mean_idx= 1.4  norm=0.14
  r=0.61  app=40/40  med_idx=  1  mean_idx= 1.4  norm=0.14
  r=0.62  app=40/40  med_idx=  1  mean_idx= 1.5  norm=0.15
  r=0.63  app=40/40  med_idx=  1  mean_idx= 1.3  norm=0.13
  r=0.64  app=40/40  med_idx=  1  mean_idx= 1.3  norm=0.13
  r=0.65  app=40/40  med_idx=  1  mean_idx= 1.3  norm=0.13
  r=0.66  app=40/40  med_idx=  1  mean_idx= 1.3  norm=0.13
  r=0.67  app=40/40  med_idx=  1  mean_idx= 1.3  norm=0.13
  r=0.68  app=40/40  med_idx=  1  mean_idx= 1.4  norm=0.13
  r=0.69  app=40/40  med_idx=  1  mean_idx= 1.2  norm=0.12
  r=0.7   app=40/40  med_idx=  1  mean_idx= 1.3  norm=0.13
  r=0.71  app=40/40  med_idx=  1  mean_idx= 1.2  norm=0.12
  r=0.72  app=40/40  med_idx=  1  mean_idx= 1.2  norm=0.12
  r=0.73  app=40/40  med_idx=  1  mean_idx= 1.2  norm=0.12
  r=0.74  app=39/40  med_idx=  1  mean_idx= 1.3  norm=0.13
  r=0.75  app=40/40  med_idx=  1  mean_idx= 1.4  norm=0.14
  r=0.76  app=40/40  med_idx=  1  mean_idx= 1.2  norm=0.12
  r=0.77  app=40/40  med_idx=  1  mean_idx= 1.1  norm=0.11
  r=0.78  app=40/40  med_idx=  1  mean_idx= 1.3  norm=0.13
  r=0.79  app=40/40  med_idx=  1  mean_idx= 1.3  norm=0.13
  r=0.8   app=40/40  med_idx=  1  mean_idx= 1.2  norm=0.12
  r=0.81  app=40/40  med_idx=  1  mean_idx= 1.1  norm=0.11
  r=0.82  app=40/40  med_idx=  1  mean_idx= 1.2  norm=0.12
  r=0.83  app=40/40  med_idx=  1  mean_idx= 1.2  norm=0.12
  r=0.84  app=40/40  med_idx=  1  mean_idx= 1.2  norm=0.12
  r=0.85  app=40/40  med_idx=  1  mean_idx= 1.2  norm=0.12
  r=0.86  app=40/40  med_idx=  1  mean_idx= 1.2  norm=0.12
  r=0.87  app=40/40  med_idx=  1  mean_idx= 1.2  norm=0.12
  r=0.88  app=40/40  med_idx=  1  mean_idx= 1.2  norm=0.12
  r=0.89  app=40/40  med_idx=  1  mean_idx= 1.2  norm=0.12
  r=0.9   app=40/40  med_idx=  1  mean_idx= 1.3  norm=0.13
  r=0.91  app=40/40  med_idx=  1  mean_idx= 1.1  norm=0.11
  r=0.92  app=40/40  med_idx=  1  mean_idx= 1.1  norm=0.12
  r=0.93  app=40/40  med_idx=  1  mean_idx= 1.2  norm=0.12
  r=0.94  app=40/40  med_idx=  1  mean_idx= 1.1  norm=0.11
  r=0.95  app=40/40  med_idx=  1  mean_idx= 1.1  norm=0.11
  r=0.96  app=40/40  med_idx=  1  mean_idx= 1.1  norm=0.11
  r=0.97  app=40/40  med_idx=  1  mean_idx= 1.1  norm=0.11
  r=0.98  app=40/40  med_idx=  1  mean_idx= 1.2  norm=0.12
  r=0.99  app=40/40  med_idx=  1  mean_idx= 1.1  norm=0.11
  r=1.0   app=40/40  med_idx=  1  mean_idx= 1.2  norm=0.12
  r=1.1   app=40/40  med_idx=  1  mean_idx= 1.1  norm=0.11
  r=1.25  app=40/40  med_idx=  1  mean_idx= 1.2  norm=0.14
  r=1.5   app=40/40  med_idx=  1  mean_idx= 1.1  norm=0.11
  r=2.0   app=40/40  med_idx=  1  mean_idx= 1.0  norm=0.10
  Spearman(r, first_index) over appearing rows = -0.433  (n=3085)

yellow:   (appear_rate | median_idx | mean_idx | mean_norm_rank)
  r=0.15  app= 4/40  med_idx=  7  mean_idx= 7.2  norm=0.72
  r=0.2   app= 6/40  med_idx=  5  mean_idx= 5.7  norm=0.57
  r=0.25  app=12/40  med_idx=  5  mean_idx= 5.0  norm=0.50
  r=0.26  app=17/40  med_idx=  3  mean_idx= 4.4  norm=0.44
  r=0.27  app=17/40  med_idx=  4  mean_idx= 4.4  norm=0.44
  r=0.28  app=12/40  med_idx=  3  mean_idx= 3.2  norm=0.32
  r=0.29  app=13/40  med_idx=  3  mean_idx= 4.1  norm=0.41
  r=0.3   app=18/40  med_idx=  4  mean_idx= 4.3  norm=0.43
  r=0.31  app=23/40  med_idx=  3  mean_idx= 3.4  norm=0.34
  r=0.32  app=20/40  med_idx=  3  mean_idx= 3.9  norm=0.38
  r=0.33  app=26/40  med_idx=  3  mean_idx= 4.5  norm=0.45
  r=0.34  app=25/40  med_idx=  3  mean_idx= 3.4  norm=0.34
  r=0.35  app=21/40  med_idx=  3  mean_idx= 4.0  norm=0.40
  r=0.36  app=24/40  med_idx=  3  mean_idx= 3.7  norm=0.37
  r=0.37  app=24/40  med_idx=  3  mean_idx= 4.0  norm=0.40
  r=0.38  app=21/40  med_idx=  3  mean_idx= 3.7  norm=0.37
  r=0.39  app=27/40  med_idx=  3  mean_idx= 3.6  norm=0.36
  r=0.4   app=27/40  med_idx=  3  mean_idx= 3.7  norm=0.37
  r=0.41  app=31/40  med_idx=  3  mean_idx= 3.5  norm=0.35
  r=0.42  app=29/40  med_idx=  3  mean_idx= 3.6  norm=0.36
  r=0.43  app=31/40  med_idx=  3  mean_idx= 3.0  norm=0.30
  r=0.44  app=31/40  med_idx=  3  mean_idx= 3.6  norm=0.36
  r=0.45  app=32/40  med_idx=  3  mean_idx= 2.9  norm=0.29
  r=0.46  app=31/40  med_idx=  3  mean_idx= 3.1  norm=0.31
  r=0.47  app=34/40  med_idx=  3  mean_idx= 3.4  norm=0.34
  r=0.48  app=34/40  med_idx=  3  mean_idx= 3.1  norm=0.31
  r=0.49  app=33/40  med_idx=  3  mean_idx= 3.0  norm=0.30
  r=0.5   app=34/40  med_idx=  3  mean_idx= 2.5  norm=0.25
  r=0.51  app=37/40  med_idx=  2  mean_idx= 2.6  norm=0.26
  r=0.52  app=38/40  med_idx=  2  mean_idx= 2.7  norm=0.27
  r=0.53  app=39/40  med_idx=  2  mean_idx= 2.6  norm=0.26
  r=0.54  app=33/40  med_idx=  2  mean_idx= 2.8  norm=0.28
  r=0.55  app=31/40  med_idx=  2  mean_idx= 2.9  norm=0.29
  r=0.56  app=34/40  med_idx=  2  mean_idx= 2.8  norm=0.28
  r=0.57  app=34/40  med_idx=  2  mean_idx= 2.5  norm=0.25
  r=0.58  app=34/40  med_idx=  2  mean_idx= 2.1  norm=0.21
  r=0.59  app=33/40  med_idx=  2  mean_idx= 2.4  norm=0.24
  r=0.6   app=38/40  med_idx=  2  mean_idx= 2.5  norm=0.25
  r=0.61  app=36/40  med_idx=  2  mean_idx= 2.6  norm=0.26
  r=0.62  app=39/40  med_idx=  2  mean_idx= 2.8  norm=0.28
  r=0.63  app=37/40  med_idx=  2  mean_idx= 2.6  norm=0.26
  r=0.64  app=38/40  med_idx=  2  mean_idx= 2.4  norm=0.24
  r=0.65  app=39/40  med_idx=  2  mean_idx= 2.2  norm=0.22
  r=0.66  app=39/40  med_idx=  2  mean_idx= 2.4  norm=0.24
  r=0.67  app=39/40  med_idx=  2  mean_idx= 2.4  norm=0.24
  r=0.68  app=37/40  med_idx=  2  mean_idx= 2.6  norm=0.26
  r=0.69  app=37/40  med_idx=  2  mean_idx= 2.2  norm=0.22
  r=0.7   app=36/40  med_idx=  2  mean_idx= 2.0  norm=0.20
  r=0.71  app=37/40  med_idx=  2  mean_idx= 2.2  norm=0.22
  r=0.72  app=37/40  med_idx=  2  mean_idx= 2.1  norm=0.21
  r=0.73  app=37/40  med_idx=  2  mean_idx= 2.3  norm=0.23
  r=0.74  app=38/40  med_idx=  2  mean_idx= 2.2  norm=0.22
  r=0.75  app=39/40  med_idx=  2  mean_idx= 2.1  norm=0.21
  r=0.76  app=36/40  med_idx=  2  mean_idx= 2.3  norm=0.23
  r=0.77  app=35/40  med_idx=  2  mean_idx= 1.8  norm=0.18
  r=0.78  app=35/40  med_idx=  2  mean_idx= 2.1  norm=0.21
  r=0.79  app=37/40  med_idx=  2  mean_idx= 1.8  norm=0.18
  r=0.8   app=40/40  med_idx=  2  mean_idx= 2.2  norm=0.22
  r=0.81  app=36/40  med_idx=  2  mean_idx= 1.8  norm=0.18
  r=0.82  app=36/40  med_idx=  2  mean_idx= 1.8  norm=0.18
  r=0.83  app=39/40  med_idx=  2  mean_idx= 2.0  norm=0.20
  r=0.84  app=40/40  med_idx=  2  mean_idx= 2.3  norm=0.23
  r=0.85  app=39/40  med_idx=  2  mean_idx= 2.0  norm=0.20
  r=0.86  app=39/40  med_idx=  2  mean_idx= 1.9  norm=0.19
  r=0.87  app=39/40  med_idx=  2  mean_idx= 1.8  norm=0.18
  r=0.88  app=37/40  med_idx=  1  mean_idx= 1.7  norm=0.17
  r=0.89  app=37/40  med_idx=  1  mean_idx= 1.6  norm=0.16
  r=0.9   app=37/40  med_idx=  1  mean_idx= 1.6  norm=0.16
  r=0.91  app=39/40  med_idx=  1  mean_idx= 1.6  norm=0.16
  r=0.92  app=40/40  med_idx=  1  mean_idx= 1.7  norm=0.17
  r=0.93  app=37/40  med_idx=  1  mean_idx= 1.6  norm=0.16
  r=0.94  app=39/40  med_idx=  1  mean_idx= 1.5  norm=0.15
  r=0.95  app=39/40  med_idx=  1  mean_idx= 1.7  norm=0.17
  r=0.96  app=37/40  med_idx=  1  mean_idx= 1.4  norm=0.14
  r=0.97  app=38/40  med_idx=  1  mean_idx= 1.6  norm=0.16
  r=0.98  app=40/40  med_idx=  1  mean_idx= 1.5  norm=0.15
  r=0.99  app=39/40  med_idx=  1  mean_idx= 1.7  norm=0.17
  r=1.0   app=39/40  med_idx=  1  mean_idx= 1.5  norm=0.15
  r=1.1   app=39/40  med_idx=  1  mean_idx= 1.6  norm=0.16
  r=1.25  app=40/40  med_idx=  1  mean_idx= 1.6  norm=0.16
  r=1.5   app=39/40  med_idx=  1  mean_idx= 1.3  norm=0.13
  r=2.0   app=38/40  med_idx=  1  mean_idx= 1.4  norm=0.14
  Spearman(r, first_index) over appearing rows = -0.540  (n=2678)

wrote results/frontload_v2_raw_judged.json
